  Lab18.cpp
C:\Users\sosla\source\repos\Lab18\Lab18\Header.h(15,25): warning C4566: символ, представленный универсальным именем символа "\u00CB", невозможно представить в текущей кодовой странице (1251)
C:\Users\sosla\source\repos\Lab18\Lab18\Header.h(15,25): warning C4566: символ, представленный универсальным именем символа "\u00E5", невозможно представить в текущей кодовой странице (1251)
C:\Users\sosla\source\repos\Lab18\Lab18\Header.h(15,25): warning C4566: символ, представленный универсальным именем символа "\u00ED", невозможно представить в текущей кодовой странице (1251)
C:\Users\sosla\source\repos\Lab18\Lab18\Header.h(15,25): warning C4566: символ, представленный универсальным именем символа "\u00E8", невозможно представить в текущей кодовой странице (1251)
C:\Users\sosla\source\repos\Lab18\Lab18\Header.h(15,39): warning C4566: символ, представленный универсальным именем символа "\u00CF", невозможно представить в текущей кодовой странице (1251)
C:\Users\sosla\source\repos\Lab18\Lab18\Header.h(15,39): warning C4566: символ, представленный универсальным именем символа "\u00E5", невозможно представить в текущей кодовой странице (1251)
C:\Users\sosla\source\repos\Lab18\Lab18\Header.h(15,39): warning C4566: символ, представленный универсальным именем символа "\u00F2", невозможно представить в текущей кодовой странице (1251)
C:\Users\sosla\source\repos\Lab18\Lab18\Header.h(15,39): warning C4566: символ, представленный универсальным именем символа "\u00F0", невозможно представить в текущей кодовой странице (1251)
C:\Users\sosla\source\repos\Lab18\Lab18\Header.h(15,39): warning C4566: символ, представленный универсальным именем символа "\u00EE", невозможно представить в текущей кодовой странице (1251)
C:\Users\sosla\source\repos\Lab18\Lab18\Header.h(15,39): warning C4566: символ, представленный универсальным именем символа "\u00E2", невозможно представить в текущей кодовой странице (1251)
C:\Users\sosla\source\repos\Lab18\Lab18\Header.h(15,55): warning C4566: символ, представленный универсальным именем символа "\u00CF", невозможно представить в текущей кодовой странице (1251)
C:\Users\sosla\source\repos\Lab18\Lab18\Header.h(15,55): warning C4566: символ, представленный универсальным именем символа "\u00E5", невозможно представить в текущей кодовой странице (1251)
C:\Users\sosla\source\repos\Lab18\Lab18\Header.h(15,55): warning C4566: символ, представленный универсальным именем символа "\u00F2", невозможно представить в текущей кодовой странице (1251)
C:\Users\sosla\source\repos\Lab18\Lab18\Header.h(15,55): warning C4566: символ, представленный универсальным именем символа "\u00F3", невозможно представить в текущей кодовой странице (1251)
C:\Users\sosla\source\repos\Lab18\Lab18\Header.h(15,55): warning C4566: символ, представленный универсальным именем символа "\u00F5", невозможно представить в текущей кодовой странице (1251)
C:\Users\sosla\source\repos\Lab18\Lab18\Header.h(15,55): warning C4566: символ, представленный универсальным именем символа "\u00EE", невозможно представить в текущей кодовой странице (1251)
C:\Users\sosla\source\repos\Lab18\Lab18\Header.h(15,55): warning C4566: символ, представленный универсальным именем символа "\u00E2", невозможно представить в текущей кодовой странице (1251)
C:\Users\sosla\source\repos\Lab18\Lab18\Header.h(15,73): warning C4566: символ, представленный универсальным именем символа "\u00D2", невозможно представить в текущей кодовой странице (1251)
C:\Users\sosla\source\repos\Lab18\Lab18\Header.h(15,73): warning C4566: символ, представленный универсальным именем символа "\u00E5", невозможно представить в текущей кодовой странице (1251)
C:\Users\sosla\source\repos\Lab18\Lab18\Header.h(15,73): warning C4566: символ, представленный универсальным именем символа "\u00F1", невозможно представить в текущей кодовой странице (1251)
C:\Users\sosla\source\repos\Lab18\Lab18\Header.h(15,73): warning C4566: символ, представленный универсальным именем символа "\u00EB", невозможно представить в текущей кодовой странице (1251)
C:\Users\sosla\source\repos\Lab18\Lab18\Header.h(15,73): warning C4566: символ, представленный универсальным именем символа "\u00E0", невозможно представить в текущей кодовой странице (1251)
C:\Users\sosla\source\repos\Lab18\Lab18\Header.h(15,87): warning C4566: символ, представленный универсальным именем символа "\u00D1", невозможно представить в текущей кодовой странице (1251)
C:\Users\sosla\source\repos\Lab18\Lab18\Header.h(15,87): warning C4566: символ, представленный универсальным именем символа "\u00F2", невозможно представить в текущей кодовой странице (1251)
C:\Users\sosla\source\repos\Lab18\Lab18\Header.h(15,87): warning C4566: символ, представленный универсальным именем символа "\u00E0", невозможно представить в текущей кодовой странице (1251)
C:\Users\sosla\source\repos\Lab18\Lab18\Header.h(15,87): warning C4566: символ, представленный универсальным именем символа "\u00EB", невозможно представить в текущей кодовой странице (1251)
C:\Users\sosla\source\repos\Lab18\Lab18\Header.h(15,87): warning C4566: символ, представленный универсальным именем символа "\u00E8", невозможно представить в текущей кодовой странице (1251)
C:\Users\sosla\source\repos\Lab18\Lab18\Header.h(15,87): warning C4566: символ, представленный универсальным именем символа "\u00ED", невозможно представить в текущей кодовой странице (1251)
C:\Users\sosla\source\repos\Lab18\Lab18\Header.h(15,103): warning C4566: символ, представленный универсальным именем символа "\u00DD", невозможно представить в текущей кодовой странице (1251)
C:\Users\sosla\source\repos\Lab18\Lab18\Header.h(15,103): warning C4566: символ, представленный универсальным именем символа "\u00E9", невозможно представить в текущей кодовой странице (1251)
C:\Users\sosla\source\repos\Lab18\Lab18\Header.h(15,103): warning C4566: символ, представленный универсальным именем символа "\u00ED", невозможно представить в текущей кодовой странице (1251)
C:\Users\sosla\source\repos\Lab18\Lab18\Header.h(15,103): warning C4566: символ, представленный универсальным именем символа "\u00F8", невозможно представить в текущей кодовой странице (1251)
C:\Users\sosla\source\repos\Lab18\Lab18\Header.h(15,103): warning C4566: символ, представленный универсальным именем символа "\u00F2", невозможно представить в текущей кодовой странице (1251)
C:\Users\sosla\source\repos\Lab18\Lab18\Header.h(15,103): warning C4566: символ, представленный универсальным именем символа "\u00E5", невозможно представить в текущей кодовой странице (1251)
C:\Users\sosla\source\repos\Lab18\Lab18\Header.h(15,123): warning C4566: символ, представленный универсальным именем символа "\u00CC", невозможно представить в текущей кодовой странице (1251)
C:\Users\sosla\source\repos\Lab18\Lab18\Header.h(15,123): warning C4566: символ, представленный универсальным именем символа "\u00E0", невозможно представить в текущей кодовой странице (1251)
C:\Users\sosla\source\repos\Lab18\Lab18\Header.h(15,123): warning C4566: символ, представленный универсальным именем символа "\u00E4", невозможно представить в текущей кодовой странице (1251)
C:\Users\sosla\source\repos\Lab18\Lab18\Header.h(15,123): warning C4566: символ, представленный универсальным именем символа "\u00F3", невозможно представить в текущей кодовой странице (1251)
C:\Users\sosla\source\repos\Lab18\Lab18\Header.h(15,123): warning C4566: символ, представленный универсальным именем символа "\u00F0", невозможно представить в текущей кодовой странице (1251)
C:\Users\sosla\source\repos\Lab18\Lab18\Header.h(15,123): warning C4566: символ, представленный универсальным именем символа "\u00EE", невозможно представить в текущей кодовой странице (1251)
C:\Users\sosla\source\repos\Lab18\Lab18\Header.h(15,139): warning C4566: символ, представленный универсальным именем символа "\u00CA", невозможно представить в текущей кодовой странице (1251)
C:\Users\sosla\source\repos\Lab18\Lab18\Header.h(15,139): warning C4566: символ, представленный универсальным именем символа "\u00F3", невозможно представить в текущей кодовой странице (1251)
C:\Users\sosla\source\repos\Lab18\Lab18\Header.h(15,139): warning C4566: символ, представленный универсальным именем символа "\u00EA", невозможно представить в текущей кодовой странице (1251)
C:\Users\sosla\source\repos\Lab18\Lab18\Header.h(15,149): warning C4566: символ, представленный универсальным именем символа "\u00CA", невозможно представить в текущей кодовой странице (1251)
C:\Users\sosla\source\repos\Lab18\Lab18\Header.h(15,149): warning C4566: символ, представленный универсальным именем символа "\u00EE", невозможно представить в текущей кодовой странице (1251)
C:\Users\sosla\source\repos\Lab18\Lab18\Header.h(15,149): warning C4566: символ, представленный универсальным именем символа "\u00E1", невозможно представить в текущей кодовой странице (1251)
C:\Users\sosla\source\repos\Lab18\Lab18\Header.h(15,149): warning C4566: символ, представленный универсальным именем символа "\u00E0", невозможно представить в текущей кодовой странице (1251)
C:\Users\sosla\source\repos\Lab18\Lab18\Header.h(15,161): warning C4566: символ, представленный универсальным именем символа "\u00C4", невозможно представить в текущей кодовой странице (1251)
C:\Users\sosla\source\repos\Lab18\Lab18\Header.h(15,161): warning C4566: символ, представленный универсальным именем символа "\u00E6", невозможно представить в текущей кодовой странице (1251)
C:\Users\sosla\source\repos\Lab18\Lab18\Header.h(15,161): warning C4566: символ, представленный универсальным именем символа "\u00EE", невозможно представить в текущей кодовой странице (1251)
C:\Users\sosla\source\repos\Lab18\Lab18\Header.h(15,161): warning C4566: символ, представленный универсальным именем символа "\u00ED", невозможно представить в текущей кодовой странице (1251)
C:\Users\sosla\source\repos\Lab18\Lab18\Header.h(15,161): warning C4566: символ, представленный универсальным именем символа "\u00F1", невозможно представить в текущей кодовой странице (1251)
C:\Users\sosla\source\repos\Lab18\Lab18\Header.h(15,179): warning C4566: символ, представленный универсальным именем символа "\u00D3", невозможно представить в текущей кодовой странице (1251)
C:\Users\sosla\source\repos\Lab18\Lab18\Header.h(15,179): warning C4566: символ, представленный универсальным именем символа "\u00EB", невозможно представить в текущей кодовой странице (1251)
C:\Users\sosla\source\repos\Lab18\Lab18\Header.h(15,179): warning C4566: символ, представленный универсальным именем символа "\u00FC", невозможно представить в текущей кодовой странице (1251)
C:\Users\sosla\source\repos\Lab18\Lab18\Header.h(15,179): warning C4566: символ, представленный универсальным именем символа "\u00FF", невозможно представить в текущей кодовой странице (1251)
C:\Users\sosla\source\repos\Lab18\Lab18\Header.h(15,179): warning C4566: символ, представленный универсальным именем символа "\u00ED", невозможно представить в текущей кодовой странице (1251)
C:\Users\sosla\source\repos\Lab18\Lab18\Header.h(15,179): warning C4566: символ, представленный универсальным именем символа "\u00EE", невозможно представить в текущей кодовой странице (1251)
C:\Users\sosla\source\repos\Lab18\Lab18\Header.h(15,179): warning C4566: символ, представленный универсальным именем символа "\u00E2", невозможно представить в текущей кодовой странице (1251)
C:\Users\sosla\source\repos\Lab18\Lab18\Header.h(15,197): warning C4566: символ, представленный универсальным именем символа "\u00D1", невозможно представить в текущей кодовой странице (1251)
C:\Users\sosla\source\repos\Lab18\Lab18\Header.h(15,197): warning C4566: символ, представленный универсальным именем символа "\u00E0", невозможно представить в текущей кодовой странице (1251)
C:\Users\sosla\source\repos\Lab18\Lab18\Header.h(15,197): warning C4566: символ, представленный универсальным именем символа "\u00F0", невозможно представить в текущей кодовой странице (1251)
C:\Users\sosla\source\repos\Lab18\Lab18\Header.h(15,197): warning C4566: символ, представленный универсальным именем символа "\u00E4", невозможно представить в текущей кодовой странице (1251)
C:\Users\sosla\source\repos\Lab18\Lab18\Header.h(15,197): warning C4566: символ, представленный универсальным именем символа "\u00EE", невозможно представить в текущей кодовой странице (1251)
C:\Users\sosla\source\repos\Lab18\Lab18\Header.h(15,197): warning C4566: символ, представленный универсальным именем символа "\u00E2", невозможно представить в текущей кодовой странице (1251)
C:\Users\sosla\source\repos\Lab18\Lab18\Header.h(16,22): warning C4566: символ, представленный универсальным именем символа "\u00C0", невозможно представить в текущей кодовой странице (1251)
C:\Users\sosla\source\repos\Lab18\Lab18\Header.h(16,22): warning C4566: символ, представленный универсальным именем символа "\u00EB", невозможно представить в текущей кодовой странице (1251)
C:\Users\sosla\source\repos\Lab18\Lab18\Header.h(16,22): warning C4566: символ, представленный универсальным именем символа "\u00E5", невозможно представить в текущей кодовой странице (1251)
C:\Users\sosla\source\repos\Lab18\Lab18\Header.h(16,22): warning C4566: символ, представленный универсальным именем символа "\u00EA", невозможно представить в текущей кодовой странице (1251)
C:\Users\sosla\source\repos\Lab18\Lab18\Header.h(16,22): warning C4566: символ, представленный универсальным именем символа "\u00F1", невозможно представить в текущей кодовой странице (1251)
C:\Users\sosla\source\repos\Lab18\Lab18\Header.h(16,22): warning C4566: символ, представленный универсальным именем символа "\u00E9", невозможно представить в текущей кодовой странице (1251)
C:\Users\sosla\source\repos\Lab18\Lab18\Header.h(16,40): warning C4566: символ, представленный универсальным именем символа "\u00CB", невозможно представить в текущей кодовой странице (1251)
C:\Users\sosla\source\repos\Lab18\Lab18\Header.h(16,40): warning C4566: символ, представленный универсальным именем символа "\u00E5", невозможно представить в текущей кодовой странице (1251)
C:\Users\sosla\source\repos\Lab18\Lab18\Header.h(16,40): warning C4566: символ, представленный универсальным именем символа "\u00F8", невозможно представить в текущей кодовой странице (1251)
C:\Users\sosla\source\repos\Lab18\Lab18\Header.h(16,40): warning C4566: символ, представленный универсальным именем символа "\u00E0", невозможно представить в текущей кодовой странице (1251)
C:\Users\sosla\source\repos\Lab18\Lab18\Header.h(16,52): warning C4566: символ, представленный универсальным именем символа "\u00CB", невозможно представить в текущей кодовой странице (1251)
C:\Users\sosla\source\repos\Lab18\Lab18\Header.h(16,52): warning C4566: символ, представленный универсальным именем символа "\u00E5", невозможно представить в текущей кодовой странице (1251)
C:\Users\sosla\source\repos\Lab18\Lab18\Header.h(16,52): warning C4566: символ, представленный универсальным именем символа "\u00F8", невозможно представить в текущей кодовой странице (1251)
C:\Users\sosla\source\repos\Lab18\Lab18\Header.h(16,52): warning C4566: символ, представленный универсальным именем символа "\u00E8", невозможно представить в текущей кодовой странице (1251)
C:\Users\sosla\source\repos\Lab18\Lab18\Header.h(16,52): warning C4566: символ, представленный универсальным именем символа "\u00EA", невозможно представить в текущей кодовой странице (1251)
C:\Users\sosla\source\repos\Lab18\Lab18\Header.h(16,66): warning C4566: символ, представленный универсальным именем символа "\u00CD", невозможно представить в текущей кодовой странице (1251)
C:\Users\sosla\source\repos\Lab18\Lab18\Header.h(16,66): warning C4566: символ, представленный универсальным именем символа "\u00E8", невозможно представить в текущей кодовой странице (1251)
C:\Users\sosla\source\repos\Lab18\Lab18\Header.h(16,66): warning C4566: символ, представленный универсальным именем символа "\u00EA", невозможно представить в текущей кодовой странице (1251)
C:\Users\sosla\source\repos\Lab18\Lab18\Header.h(16,66): warning C4566: символ, представленный универсальным именем символа "\u00EE", невозможно представить в текущей кодовой странице (1251)
C:\Users\sosla\source\repos\Lab18\Lab18\Header.h(16,66): warning C4566: символ, представленный универсальным именем символа "\u00EB", невозможно представить в текущей кодовой странице (1251)
C:\Users\sosla\source\repos\Lab18\Lab18\Header.h(16,66): warning C4566: символ, представленный универсальным именем символа "\u00FF", невозможно представить в текущей кодовой странице (1251)
C:\Users\sosla\source\repos\Lab18\Lab18\Header.h(16,82): warning C4566: символ, представленный универсальным именем символа "\u00D1", невозможно представить в текущей кодовой странице (1251)
C:\Users\sosla\source\repos\Lab18\Lab18\Header.h(16,82): warning C4566: символ, представленный универсальным именем символа "\u00E5", невозможно представить в текущей кодовой странице (1251)
C:\Users\sosla\source\repos\Lab18\Lab18\Header.h(16,82): warning C4566: символ, представленный универсальным именем символа "\u00F0", невозможно представить в текущей кодовой странице (1251)
C:\Users\sosla\source\repos\Lab18\Lab18\Header.h(16,82): warning C4566: символ, представленный универсальным именем символа "\u00E3", невозможно представить в текущей кодовой странице (1251)
C:\Users\sosla\source\repos\Lab18\Lab18\Header.h(16,82): warning C4566: символ, представленный универсальным именем символа "\u00E9", невозможно представить в текущей кодовой странице (1251)
C:\Users\sosla\source\repos\Lab18\Lab18\Header.h(16,98): warning C4566: символ, представленный универсальным именем символа "\u00C0", невозможно представить в текущей кодовой странице (1251)
C:\Users\sosla\source\repos\Lab18\Lab18\Header.h(16,98): warning C4566: символ, представленный универсальным именем символа "\u00EB", невозможно представить в текущей кодовой странице (1251)
C:\Users\sosla\source\repos\Lab18\Lab18\Header.h(16,98): warning C4566: символ, представленный универсальным именем символа "\u00FC", невозможно представить в текущей кодовой странице (1251)
C:\Users\sosla\source\repos\Lab18\Lab18\Header.h(16,98): warning C4566: символ, представленный универсальным именем символа "\u00E1", невозможно представить в текущей кодовой странице (1251)
C:\Users\sosla\source\repos\Lab18\Lab18\Header.h(16,98): warning C4566: символ, представленный универсальным именем символа "\u00E5", невозможно представить в текущей кодовой странице (1251)
C:\Users\sosla\source\repos\Lab18\Lab18\Header.h(16,98): warning C4566: символ, представленный универсальным именем символа "\u00F0", невозможно представить в текущей кодовой странице (1251)
C:\Users\sosla\source\repos\Lab18\Lab18\Header.h(16,98): warning C4566: символ, представленный универсальным именем символа "\u00F2", невозможно представить в текущей кодовой странице (1251)
C:\Users\sosla\source\repos\Lab18\Lab18\Header.h(16,116): warning C4566: символ, представленный универсальным именем символа "\u00CC", невозможно представить в текущей кодовой странице (1251)
C:\Users\sosla\source\repos\Lab18\Lab18\Header.h(16,116): warning C4566: символ, представленный универсальным именем символа "\u00F3", невозможно представить в текущей кодовой странице (1251)
C:\Users\sosla\source\repos\Lab18\Lab18\Header.h(16,116): warning C4566: символ, представленный универсальным именем символа "\u00F1", невозможно представить в текущей кодовой странице (1251)
C:\Users\sosla\source\repos\Lab18\Lab18\Header.h(16,116): warning C4566: символ, представленный универсальным именем символа "\u00F2", невозможно представить в текущей кодовой странице (1251)
C:\Users\sosla\source\repos\Lab18\Lab18\Header.h(16,116): warning C4566: символ, представленный универсальным именем символа "\u00E0", невозможно представить в текущей кодовой странице (1251)
C:\Users\sosla\source\repos\Lab18\Lab18\Header.h(16,116): warning C4566: символ, представленный универсальным именем символа "\u00F4", невозможно представить в текущей кодовой странице (1251)
C:\Users\sosla\source\repos\Lab18\Lab18\Header.h(16,134): warning C4566: символ, представленный универсальным именем символа "\u00D0", невозможно представить в текущей кодовой странице (1251)
C:\Users\sosla\source\repos\Lab18\Lab18\Header.h(16,134): warning C4566: символ, представленный универсальным именем символа "\u00EE", невозможно представить в текущей кодовой странице (1251)
C:\Users\sosla\source\repos\Lab18\Lab18\Header.h(16,134): warning C4566: символ, представленный универсальным именем символа "\u00E1", невозможно представить в текущей кодовой странице (1251)
C:\Users\sosla\source\repos\Lab18\Lab18\Header.h(16,134): warning C4566: символ, представленный универсальным именем символа "\u00E5", невозможно представить в текущей кодовой странице (1251)
C:\Users\sosla\source\repos\Lab18\Lab18\Header.h(16,134): warning C4566: символ, представленный универсальным именем символа "\u00F0", невозможно представить в текущей кодовой странице (1251)
C:\Users\sosla\source\repos\Lab18\Lab18\Header.h(16,134): warning C4566: символ, представленный универсальным именем символа "\u00F2", невозможно представить в текущей кодовой странице (1251)
C:\Users\sosla\source\repos\Lab18\Lab18\Header.h(16,150): warning C4566: символ, представленный универсальным именем символа "\u00C8", невозможно представить в текущей кодовой странице (1251)
C:\Users\sosla\source\repos\Lab18\Lab18\Header.h(16,150): warning C4566: символ, представленный универсальным именем символа "\u00EE", невозможно представить в текущей кодовой странице (1251)
C:\Users\sosla\source\repos\Lab18\Lab18\Header.h(16,150): warning C4566: символ, представленный универсальным именем символа "\u00F1", невозможно представить в текущей кодовой странице (1251)
C:\Users\sosla\source\repos\Lab18\Lab18\Header.h(16,150): warning C4566: символ, представленный универсальным именем символа "\u00E8", невозможно представить в текущей кодовой странице (1251)
C:\Users\sosla\source\repos\Lab18\Lab18\Header.h(16,150): warning C4566: символ, представленный универсальным именем символа "\u00F4", невозможно представить в текущей кодовой странице (1251)
C:\Users\sosla\source\repos\Lab18\Lab18\Header.h(16,164): warning C4566: символ, представленный универсальным именем символа "\u00C0", невозможно представить в текущей кодовой странице (1251)
C:\Users\sosla\source\repos\Lab18\Lab18\Header.h(16,164): warning C4566: символ, представленный универсальным именем символа "\u00EB", невозможно представить в текущей кодовой странице (1251)
C:\Users\sosla\source\repos\Lab18\Lab18\Header.h(16,164): warning C4566: символ, представленный универсальным именем символа "\u00E5", невозможно представить в текущей кодовой странице (1251)
C:\Users\sosla\source\repos\Lab18\Lab18\Header.h(16,164): warning C4566: символ, представленный универсальным именем символа "\u00EA", невозможно представить в текущей кодовой странице (1251)
C:\Users\sosla\source\repos\Lab18\Lab18\Header.h(16,164): warning C4566: символ, представленный универсальным именем символа "\u00F1", невозможно представить в текущей кодовой странице (1251)
C:\Users\sosla\source\repos\Lab18\Lab18\Header.h(16,164): warning C4566: символ, представленный универсальным именем символа "\u00E9", невозможно представить в текущей кодовой странице (1251)
C:\Users\sosla\source\repos\Lab18\Lab18\Header.h(16,182): warning C4566: символ, представленный универсальным именем символа "\u00D1", невозможно представить в текущей кодовой странице (1251)
C:\Users\sosla\source\repos\Lab18\Lab18\Header.h(16,182): warning C4566: символ, представленный универсальным именем символа "\u00F3", невозможно представить в текущей кодовой странице (1251)
C:\Users\sosla\source\repos\Lab18\Lab18\Header.h(16,182): warning C4566: символ, представленный универсальным именем символа "\u00EB", невозможно представить в текущей кодовой странице (1251)
C:\Users\sosla\source\repos\Lab18\Lab18\Header.h(16,182): warning C4566: символ, представленный универсальным именем символа "\u00E5", невозможно представить в текущей кодовой странице (1251)
C:\Users\sosla\source\repos\Lab18\Lab18\Header.h(16,182): warning C4566: символ, представленный универсальным именем символа "\u00E9", невозможно представить в текущей кодовой странице (1251)
C:\Users\sosla\source\repos\Lab18\Lab18\Header.h(16,182): warning C4566: символ, представленный универсальным именем символа "\u00EC", невозможно представить в текущей кодовой странице (1251)
C:\Users\sosla\source\repos\Lab18\Lab18\Header.h(16,182): warning C4566: символ, представленный универсальным именем символа "\u00E0", невозможно представить в текущей кодовой странице (1251)
C:\Users\sosla\source\repos\Lab18\Lab18\Header.h(16,182): warning C4566: символ, представленный универсальным именем символа "\u00ED", невозможно представить в текущей кодовой странице (1251)
C:\Users\sosla\source\repos\Lab18\Lab18\Header.h(16,202): warning C4566: символ, представленный универсальным именем символа "\u00C2", невозможно представить в текущей кодовой странице (1251)
C:\Users\sosla\source\repos\Lab18\Lab18\Header.h(16,202): warning C4566: символ, представленный универсальным именем символа "\u00EB", невозможно представить в текущей кодовой странице (1251)
C:\Users\sosla\source\repos\Lab18\Lab18\Header.h(16,202): warning C4566: символ, представленный универсальным именем символа "\u00E0", невозможно представить в текущей кодовой странице (1251)
C:\Users\sosla\source\repos\Lab18\Lab18\Header.h(16,202): warning C4566: символ, представленный универсальным именем символа "\u00E4", невозможно представить в текущей кодовой странице (1251)
C:\Users\sosla\source\repos\Lab18\Lab18\Header.h(16,202): warning C4566: символ, представленный универсальным именем символа "\u00E8", невозможно представить в текущей кодовой странице (1251)
C:\Users\sosla\source\repos\Lab18\Lab18\Header.h(16,202): warning C4566: символ, представленный универсальным именем символа "\u00EC", невозможно представить в текущей кодовой странице (1251)
C:\Users\sosla\source\repos\Lab18\Lab18\Header.h(16,202): warning C4566: символ, представленный универсальным именем символа "\u00F0", невозможно представить в текущей кодовой странице (1251)
C:\Users\sosla\source\repos\Lab18\Lab18\Header.h(17,29): warning C4566: символ, представленный универсальным именем символа "\u00CF", невозможно представить в текущей кодовой странице (1251)
C:\Users\sosla\source\repos\Lab18\Lab18\Header.h(17,29): warning C4566: символ, представленный универсальным именем символа "\u00E5", невозможно представить в текущей кодовой странице (1251)
C:\Users\sosla\source\repos\Lab18\Lab18\Header.h(17,29): warning C4566: символ, представленный универсальным именем символа "\u00F2", невозможно представить в текущей кодовой странице (1251)
C:\Users\sosla\source\repos\Lab18\Lab18\Header.h(17,29): warning C4566: символ, представленный универсальным именем символа "\u00F0", невозможно представить в текущей кодовой странице (1251)
C:\Users\sosla\source\repos\Lab18\Lab18\Header.h(17,29): warning C4566: символ, представленный универсальным именем символа "\u00EE", невозможно представить в текущей кодовой странице (1251)
C:\Users\sosla\source\repos\Lab18\Lab18\Header.h(17,29): warning C4566: символ, представленный универсальным именем символа "\u00E2", невозможно представить в текущей кодовой странице (1251)
C:\Users\sosla\source\repos\Lab18\Lab18\Header.h(17,29): warning C4566: символ, представленный универсальным именем символа "\u00E8", невозможно представить в текущей кодовой странице (1251)
C:\Users\sosla\source\repos\Lab18\Lab18\Header.h(17,29): warning C4566: символ, представленный универсальным именем символа "\u00F7", невозможно представить в текущей кодовой странице (1251)
C:\Users\sosla\source\repos\Lab18\Lab18\Header.h(17,49): warning C4566: символ, представленный универсальным именем символа "\u00CD", невозможно представить в текущей кодовой странице (1251)
C:\Users\sosla\source\repos\Lab18\Lab18\Header.h(17,49): warning C4566: символ, представленный универсальным именем символа "\u00E8", невозможно представить в текущей кодовой странице (1251)
C:\Users\sosla\source\repos\Lab18\Lab18\Header.h(17,49): warning C4566: символ, представленный универсальным именем символа "\u00EA", невозможно представить в текущей кодовой странице (1251)
C:\Users\sosla\source\repos\Lab18\Lab18\Header.h(17,49): warning C4566: символ, представленный универсальным именем символа "\u00EE", невозможно представить в текущей кодовой странице (1251)
C:\Users\sosla\source\repos\Lab18\Lab18\Header.h(17,49): warning C4566: символ, представленный универсальным именем символа "\u00EB", невозможно представить в текущей кодовой странице (1251)
C:\Users\sosla\source\repos\Lab18\Lab18\Header.h(17,49): warning C4566: символ, представленный универсальным именем символа "\u00E0", невозможно представить в текущей кодовой странице (1251)
C:\Users\sosla\source\repos\Lab18\Lab18\Header.h(17,49): warning C4566: символ, представленный универсальным именем символа "\u00E5", невозможно представить в текущей кодовой странице (1251)
C:\Users\sosla\source\repos\Lab18\Lab18\Header.h(17,49): warning C4566: символ, представленный универсальным именем символа "\u00E2", невозможно представить в текущей кодовой странице (1251)
C:\Users\sosla\source\repos\Lab18\Lab18\Header.h(17,49): warning C4566: символ, представленный универсальным именем символа "\u00F7", невозможно представить в текущей кодовой странице (1251)
C:\Users\sosla\source\repos\Lab18\Lab18\Header.h(17,73): warning C4566: символ, представленный универсальным именем символа "\u00C0", невозможно представить в текущей кодовой странице (1251)
C:\Users\sosla\source\repos\Lab18\Lab18\Header.h(17,73): warning C4566: символ, представленный универсальным именем символа "\u00ED", невозможно представить в текущей кодовой странице (1251)
C:\Users\sosla\source\repos\Lab18\Lab18\Header.h(17,73): warning C4566: символ, представленный универсальным именем символа "\u00E4", невозможно представить в текущей кодовой странице (1251)
C:\Users\sosla\source\repos\Lab18\Lab18\Header.h(17,73): warning C4566: символ, представленный универсальным именем символа "\u00F0", невозможно представить в текущей кодовой странице (1251)
C:\Users\sosla\source\repos\Lab18\Lab18\Header.h(17,73): warning C4566: символ, представленный универсальным именем символа "\u00E5", невозможно представить в текущей кодовой странице (1251)
C:\Users\sosla\source\repos\Lab18\Lab18\Header.h(17,73): warning C4566: символ, представленный универсальным именем символа "\u00E2", невозможно представить в текущей кодовой странице (1251)
C:\Users\sosla\source\repos\Lab18\Lab18\Header.h(17,73): warning C4566: символ, представленный универсальным именем символа "\u00E8", невозможно представить в текущей кодовой странице (1251)
C:\Users\sosla\source\repos\Lab18\Lab18\Header.h(17,73): warning C4566: символ, представленный универсальным именем символа "\u00F7", невозможно представить в текущей кодовой странице (1251)
C:\Users\sosla\source\repos\Lab18\Lab18\Header.h(17,95): warning C4566: символ, представленный универсальным именем символа "\u00CD", невозможно представить в текущей кодовой странице (1251)
C:\Users\sosla\source\repos\Lab18\Lab18\Header.h(17,95): warning C4566: символ, представленный универсальным именем символа "\u00E8", невозможно представить в текущей кодовой странице (1251)
C:\Users\sosla\source\repos\Lab18\Lab18\Header.h(17,95): warning C4566: символ, представленный универсальным именем символа "\u00EA", невозможно представить в текущей кодовой странице (1251)
C:\Users\sosla\source\repos\Lab18\Lab18\Header.h(17,95): warning C4566: символ, представленный универсальным именем символа "\u00EE", невозможно представить в текущей кодовой странице (1251)
C:\Users\sosla\source\repos\Lab18\Lab18\Header.h(17,95): warning C4566: символ, представленный универсальным именем символа "\u00EB", невозможно представить в текущей кодовой странице (1251)
C:\Users\sosla\source\repos\Lab18\Lab18\Header.h(17,95): warning C4566: символ, представленный универсальным именем символа "\u00E0", невозможно представить в текущей кодовой странице (1251)
C:\Users\sosla\source\repos\Lab18\Lab18\Header.h(17,95): warning C4566: символ, представленный универсальным именем символа "\u00E5", невозможно представить в текущей кодовой странице (1251)
C:\Users\sosla\source\repos\Lab18\Lab18\Header.h(17,95): warning C4566: символ, представленный универсальным именем символа "\u00E2", невозможно представить в текущей кодовой странице (1251)
C:\Users\sosla\source\repos\Lab18\Lab18\Header.h(17,95): warning C4566: символ, представленный универсальным именем символа "\u00F7", невозможно представить в текущей кодовой странице (1251)
C:\Users\sosla\source\repos\Lab18\Lab18\Header.h(17,119): warning C4566: символ, представленный универсальным именем символа "\u00C0", невозможно представить в текущей кодовой странице (1251)
C:\Users\sosla\source\repos\Lab18\Lab18\Header.h(17,119): warning C4566: символ, представленный универсальным именем символа "\u00EB", невозможно представить в текущей кодовой странице (1251)
C:\Users\sosla\source\repos\Lab18\Lab18\Header.h(17,119): warning C4566: символ, представленный универсальным именем символа "\u00E5", невозможно представить в текущей кодовой странице (1251)
C:\Users\sosla\source\repos\Lab18\Lab18\Header.h(17,119): warning C4566: символ, представленный универсальным именем символа "\u00EA", невозможно представить в текущей кодовой странице (1251)
C:\Users\sosla\source\repos\Lab18\Lab18\Header.h(17,119): warning C4566: символ, представленный универсальным именем символа "\u00F1", невозможно представить в текущей кодовой странице (1251)
C:\Users\sosla\source\repos\Lab18\Lab18\Header.h(17,119): warning C4566: символ, представленный универсальным именем символа "\u00E0", невозможно представить в текущей кодовой странице (1251)
C:\Users\sosla\source\repos\Lab18\Lab18\Header.h(17,119): warning C4566: символ, представленный универсальным именем символа "\u00ED", невозможно представить в текущей кодовой странице (1251)
C:\Users\sosla\source\repos\Lab18\Lab18\Header.h(17,119): warning C4566: символ, представленный универсальным именем символа "\u00E4", невозможно представить в текущей кодовой странице (1251)
C:\Users\sosla\source\repos\Lab18\Lab18\Header.h(17,119): warning C4566: символ, представленный универсальным именем символа "\u00F0", невозможно представить в текущей кодовой странице (1251)
C:\Users\sosla\source\repos\Lab18\Lab18\Header.h(17,119): warning C4566: символ, представленный универсальным именем символа "\u00EE", невозможно представить в текущей кодовой странице (1251)
C:\Users\sosla\source\repos\Lab18\Lab18\Header.h(17,119): warning C4566: символ, представленный универсальным именем символа "\u00E2", невозможно представить в текущей кодовой странице (1251)
C:\Users\sosla\source\repos\Lab18\Lab18\Header.h(17,119): warning C4566: символ, представленный универсальным именем символа "\u00E8", невозможно представить в текущей кодовой странице (1251)
C:\Users\sosla\source\repos\Lab18\Lab18\Header.h(17,119): warning C4566: символ, представленный универсальным именем символа "\u00F7", невозможно представить в текущей кодовой странице (1251)
C:\Users\sosla\source\repos\Lab18\Lab18\Header.h(17,149): warning C4566: символ, представленный универсальным именем символа "\u00CA", невозможно представить в текущей кодовой странице (1251)
C:\Users\sosla\source\repos\Lab18\Lab18\Header.h(17,149): warning C4566: символ, представленный универсальным именем символа "\u00E0", невозможно представить в текущей кодовой странице (1251)
C:\Users\sosla\source\repos\Lab18\Lab18\Header.h(17,149): warning C4566: символ, представленный универсальным именем символа "\u00F0", невозможно представить в текущей кодовой странице (1251)
C:\Users\sosla\source\repos\Lab18\Lab18\Header.h(17,149): warning C4566: символ, представленный универсальным именем символа "\u00EB", невозможно представить в текущей кодовой странице (1251)
C:\Users\sosla\source\repos\Lab18\Lab18\Header.h(17,149): warning C4566: символ, представленный универсальным именем символа "\u00EE", невозможно представить в текущей кодовой странице (1251)
C:\Users\sosla\source\repos\Lab18\Lab18\Header.h(17,149): warning C4566: символ, представленный универсальным именем символа "\u00E2", невозможно представить в текущей кодовой странице (1251)
C:\Users\sosla\source\repos\Lab18\Lab18\Header.h(17,149): warning C4566: символ, представленный универсальным именем символа "\u00E8", невозможно представить в текущей кодовой странице (1251)
C:\Users\sosla\source\repos\Lab18\Lab18\Header.h(17,149): warning C4566: символ, представленный универсальным именем символа "\u00F7", невозможно представить в текущей кодовой странице (1251)
C:\Users\sosla\source\repos\Lab18\Lab18\Header.h(17,169): warning C4566: символ, представленный универсальным именем символа "\u00CC", невозможно представить в текущей кодовой странице (1251)
C:\Users\sosla\source\repos\Lab18\Lab18\Header.h(17,169): warning C4566: символ, представленный универсальным именем символа "\u00E8", невозможно представить в текущей кодовой странице (1251)
C:\Users\sosla\source\repos\Lab18\Lab18\Header.h(17,169): warning C4566: символ, представленный универсальным именем символа "\u00F5", невозможно представить в текущей кодовой странице (1251)
C:\Users\sosla\source\repos\Lab18\Lab18\Header.h(17,169): warning C4566: символ, представленный универсальным именем символа "\u00E0", невозможно представить в текущей кодовой странице (1251)
C:\Users\sosla\source\repos\Lab18\Lab18\Header.h(17,169): warning C4566: символ, представленный универсальным именем символа "\u00E9", невозможно представить в текущей кодовой странице (1251)
C:\Users\sosla\source\repos\Lab18\Lab18\Header.h(17,169): warning C4566: символ, представленный универсальным именем символа "\u00EB", невозможно представить в текущей кодовой странице (1251)
C:\Users\sosla\source\repos\Lab18\Lab18\Header.h(17,169): warning C4566: символ, представленный универсальным именем символа "\u00EE", невозможно представить в текущей кодовой странице (1251)
C:\Users\sosla\source\repos\Lab18\Lab18\Header.h(17,169): warning C4566: символ, представленный универсальным именем символа "\u00E2", невозможно представить в текущей кодовой странице (1251)
C:\Users\sosla\source\repos\Lab18\Lab18\Header.h(17,169): warning C4566: символ, представленный универсальным именем символа "\u00F7", невозможно представить в текущей кодовой странице (1251)
C:\Users\sosla\source\repos\Lab18\Lab18\Header.h(17,193): warning C4566: символ, представленный универсальным именем символа "\u00CC", невозможно представить в текущей кодовой странице (1251)
C:\Users\sosla\source\repos\Lab18\Lab18\Header.h(17,193): warning C4566: символ, представленный универсальным именем символа "\u00E0", невозможно представить в текущей кодовой странице (1251)
C:\Users\sosla\source\repos\Lab18\Lab18\Header.h(17,193): warning C4566: символ, представленный универсальным именем символа "\u00F0", невозможно представить в текущей кодовой странице (1251)
C:\Users\sosla\source\repos\Lab18\Lab18\Header.h(17,193): warning C4566: символ, представленный универсальным именем символа "\u00EA", невозможно представить в текущей кодовой странице (1251)
C:\Users\sosla\source\repos\Lab18\Lab18\Header.h(17,193): warning C4566: символ, представленный универсальным именем символа "\u00EE", невозможно представить в текущей кодовой странице (1251)
C:\Users\sosla\source\repos\Lab18\Lab18\Header.h(17,193): warning C4566: символ, представленный универсальным именем символа "\u00E2", невозможно представить в текущей кодовой странице (1251)
C:\Users\sosla\source\repos\Lab18\Lab18\Header.h(17,193): warning C4566: символ, представленный универсальным именем символа "\u00E8", невозможно представить в текущей кодовой странице (1251)
C:\Users\sosla\source\repos\Lab18\Lab18\Header.h(17,193): warning C4566: символ, представленный универсальным именем символа "\u00F7", невозможно представить в текущей кодовой странице (1251)
C:\Users\sosla\source\repos\Lab18\Lab18\Header.h(17,213): warning C4566: символ, представленный универсальным именем символа "\u00C8", невозможно представить в текущей кодовой странице (1251)
C:\Users\sosla\source\repos\Lab18\Lab18\Header.h(17,213): warning C4566: символ, представленный универсальным именем символа "\u00EE", невозможно представить в текущей кодовой странице (1251)
C:\Users\sosla\source\repos\Lab18\Lab18\Header.h(17,213): warning C4566: символ, представленный универсальным именем символа "\u00F1", невозможно представить в текущей кодовой странице (1251)
C:\Users\sosla\source\repos\Lab18\Lab18\Header.h(17,213): warning C4566: символ, представленный универсальным именем символа "\u00E8", невозможно представить в текущей кодовой странице (1251)
C:\Users\sosla\source\repos\Lab18\Lab18\Header.h(17,213): warning C4566: символ, представленный универсальным именем символа "\u00F4", невозможно представить в текущей кодовой странице (1251)
C:\Users\sosla\source\repos\Lab18\Lab18\Header.h(17,213): warning C4566: символ, представленный универсальным именем символа "\u00E2", невозможно представить в текущей кодовой странице (1251)
C:\Users\sosla\source\repos\Lab18\Lab18\Header.h(17,213): warning C4566: символ, представленный универсальным именем символа "\u00F7", невозможно представить в текущей кодовой странице (1251)
C:\Users\sosla\source\repos\Lab18\Lab18\Header.h(17,235): warning C4566: символ, представленный универсальным именем символа "\u00D0", невозможно представить в текущей кодовой странице (1251)
C:\Users\sosla\source\repos\Lab18\Lab18\Header.h(17,235): warning C4566: символ, представленный универсальным именем символа "\u00EE", невозможно представить в текущей кодовой странице (1251)
C:\Users\sosla\source\repos\Lab18\Lab18\Header.h(17,235): warning C4566: символ, представленный универсальным именем символа "\u00E1", невозможно представить в текущей кодовой странице (1251)
C:\Users\sosla\source\repos\Lab18\Lab18\Header.h(17,235): warning C4566: символ, представленный универсальным именем символа "\u00E5", невозможно представить в текущей кодовой странице (1251)
C:\Users\sosla\source\repos\Lab18\Lab18\Header.h(17,235): warning C4566: символ, представленный универсальным именем символа "\u00F0", невозможно представить в текущей кодовой странице (1251)
C:\Users\sosla\source\repos\Lab18\Lab18\Header.h(17,235): warning C4566: символ, представленный универсальным именем символа "\u00F2", невозможно представить в текущей кодовой странице (1251)
C:\Users\sosla\source\repos\Lab18\Lab18\Header.h(17,235): warning C4566: символ, представленный универсальным именем символа "\u00E2", невозможно представить в текущей кодовой странице (1251)
C:\Users\sosla\source\repos\Lab18\Lab18\Header.h(17,235): warning C4566: символ, представленный универсальным именем символа "\u00E8", невозможно представить в текущей кодовой странице (1251)
C:\Users\sosla\source\repos\Lab18\Lab18\Header.h(17,235): warning C4566: символ, представленный универсальным именем символа "\u00F7", невозможно представить в текущей кодовой странице (1251)
C:\Users\sosla\source\repos\Lab18\Lab18\Header.h(17,259): warning C4566: символ, представленный универсальным именем символа "\u00C2", невозможно представить в текущей кодовой странице (1251)
C:\Users\sosla\source\repos\Lab18\Lab18\Header.h(17,259): warning C4566: символ, представленный универсальным именем символа "\u00EB", невозможно представить в текущей кодовой странице (1251)
C:\Users\sosla\source\repos\Lab18\Lab18\Header.h(17,259): warning C4566: символ, представленный универсальным именем символа "\u00E0", невозможно представить в текущей кодовой странице (1251)
C:\Users\sosla\source\repos\Lab18\Lab18\Header.h(17,259): warning C4566: символ, представленный универсальным именем символа "\u00E4", невозможно представить в текущей кодовой странице (1251)
C:\Users\sosla\source\repos\Lab18\Lab18\Header.h(17,259): warning C4566: символ, представленный универсальным именем символа "\u00E8", невозможно представить в текущей кодовой странице (1251)
C:\Users\sosla\source\repos\Lab18\Lab18\Header.h(17,259): warning C4566: символ, представленный универсальным именем символа "\u00EC", невозможно представить в текущей кодовой странице (1251)
C:\Users\sosla\source\repos\Lab18\Lab18\Header.h(17,259): warning C4566: символ, представленный универсальным именем символа "\u00F0", невозможно представить в текущей кодовой странице (1251)
C:\Users\sosla\source\repos\Lab18\Lab18\Header.h(17,259): warning C4566: символ, представленный универсальным именем символа "\u00EE", невозможно представить в текущей кодовой странице (1251)
C:\Users\sosla\source\repos\Lab18\Lab18\Header.h(17,259): warning C4566: символ, представленный универсальным именем символа "\u00E2", невозможно представить в текущей кодовой странице (1251)
C:\Users\sosla\source\repos\Lab18\Lab18\Header.h(17,259): warning C4566: символ, представленный универсальным именем символа "\u00F7", невозможно представить в текущей кодовой странице (1251)
C:\Users\sosla\source\repos\Lab18\Lab18\Header.h(17,287): warning C4566: символ, представленный универсальным именем символа "\u00CD", невозможно представить в текущей кодовой странице (1251)
C:\Users\sosla\source\repos\Lab18\Lab18\Header.h(17,287): warning C4566: символ, представленный универсальным именем символа "\u00E8", невозможно представить в текущей кодовой странице (1251)
C:\Users\sosla\source\repos\Lab18\Lab18\Header.h(17,287): warning C4566: символ, представленный универсальным именем символа "\u00EA", невозможно представить в текущей кодовой странице (1251)
C:\Users\sosla\source\repos\Lab18\Lab18\Header.h(17,287): warning C4566: символ, представленный универсальным именем символа "\u00EE", невозможно представить в текущей кодовой странице (1251)
C:\Users\sosla\source\repos\Lab18\Lab18\Header.h(17,287): warning C4566: символ, представленный универсальным именем символа "\u00EB", невозможно представить в текущей кодовой странице (1251)
C:\Users\sosla\source\repos\Lab18\Lab18\Header.h(17,287): warning C4566: символ, представленный универсальным именем символа "\u00E0", невозможно представить в текущей кодовой странице (1251)
C:\Users\sosla\source\repos\Lab18\Lab18\Header.h(17,287): warning C4566: символ, представленный универсальным именем символа "\u00E9", невозможно представить в текущей кодовой странице (1251)
C:\Users\sosla\source\repos\Lab18\Lab18\Header.h(17,287): warning C4566: символ, представленный универсальным именем символа "\u00E2", невозможно представить в текущей кодовой странице (1251)
C:\Users\sosla\source\repos\Lab18\Lab18\Header.h(17,287): warning C4566: символ, представленный универсальным именем символа "\u00F7", невозможно представить в текущей кодовой странице (1251)
C:\Users\sosla\source\repos\Lab18\Lab18\Header.h(29,10): warning C4566: символ, представленный универсальным именем символа "\u00D4", невозможно представить в текущей кодовой странице (1251)
C:\Users\sosla\source\repos\Lab18\Lab18\Header.h(29,10): warning C4566: символ, представленный универсальным именем символа "\u00C8", невозможно представить в текущей кодовой странице (1251)
C:\Users\sosla\source\repos\Lab18\Lab18\Header.h(29,10): warning C4566: символ, представленный универсальным именем символа "\u00CE", невозможно представить в текущей кодовой странице (1251)
C:\Users\sosla\source\repos\Lab18\Lab18\Header.h(29,10): warning C4566: символ, представленный универсальным именем символа "\u00CF", невозможно представить в текущей кодовой странице (1251)
C:\Users\sosla\source\repos\Lab18\Lab18\Header.h(29,10): warning C4566: символ, представленный универсальным именем символа "\u00E0", невозможно представить в текущей кодовой странице (1251)
C:\Users\sosla\source\repos\Lab18\Lab18\Header.h(29,10): warning C4566: символ, представленный универсальным именем символа "\u00F1", невозможно представить в текущей кодовой странице (1251)
C:\Users\sosla\source\repos\Lab18\Lab18\Header.h(29,10): warning C4566: символ, представленный универсальным именем символа "\u00EF", невозможно представить в текущей кодовой странице (1251)
C:\Users\sosla\source\repos\Lab18\Lab18\Header.h(29,10): warning C4566: символ, представленный универсальным именем символа "\u00EE", невозможно представить в текущей кодовой странице (1251)
C:\Users\sosla\source\repos\Lab18\Lab18\Header.h(29,10): warning C4566: символ, представленный универсальным именем символа "\u00F0", невозможно представить в текущей кодовой странице (1251)
C:\Users\sosla\source\repos\Lab18\Lab18\Header.h(29,10): warning C4566: символ, представленный универсальным именем символа "\u00F2", невозможно представить в текущей кодовой странице (1251)
C:\Users\sosla\source\repos\Lab18\Lab18\Header.h(29,10): warning C4566: символ, представленный универсальным именем символа "\u00D2", невозможно представить в текущей кодовой странице (1251)
C:\Users\sosla\source\repos\Lab18\Lab18\Header.h(29,10): warning C4566: символ, представленный универсальным именем символа "\u00E5", невозможно представить в текущей кодовой странице (1251)
C:\Users\sosla\source\repos\Lab18\Lab18\Header.h(29,10): warning C4566: символ, представленный универсальным именем символа "\u00EB", невозможно представить в текущей кодовой странице (1251)
C:\Users\sosla\source\repos\Lab18\Lab18\Header.h(29,10): warning C4566: символ, представленный универсальным именем символа "\u00F4", невозможно представить в текущей кодовой странице (1251)
C:\Users\sosla\source\repos\Lab18\Lab18\Header.h(29,10): warning C4566: символ, представленный универсальным именем символа "\u00ED", невозможно представить в текущей кодовой странице (1251)
C:\Users\sosla\source\repos\Lab18\Lab18\Header.h(40,21): warning C4018: <: несоответствие типов со знаком и без знака
C:\Users\sosla\source\repos\Lab18\Lab18\Header.h(56,10): warning C4566: символ, представленный универсальным именем символа "\u00D5", невозможно представить в текущей кодовой странице (1251)
C:\Users\sosla\source\repos\Lab18\Lab18\Header.h(56,10): warning C4566: символ, представленный универсальным именем символа "\u00FD", невозможно представить в текущей кодовой странице (1251)
C:\Users\sosla\source\repos\Lab18\Lab18\Header.h(56,10): warning C4566: символ, представленный универсальным именем символа "\u00F8", невозможно представить в текущей кодовой странице (1251)
C:\Users\sosla\source\repos\Lab18\Lab18\Header.h(56,10): warning C4566: символ, представленный универсальным именем символа "\u00EA", невозможно представить в текущей кодовой странице (1251)
C:\Users\sosla\source\repos\Lab18\Lab18\Header.h(56,10): warning C4566: символ, представленный универсальным именем символа "\u00EB", невозможно представить в текущей кодовой странице (1251)
C:\Users\sosla\source\repos\Lab18\Lab18\Header.h(56,10): warning C4566: символ, представленный универсальным именем символа "\u00FE", невозможно представить в текущей кодовой странице (1251)
C:\Users\sosla\source\repos\Lab18\Lab18\Header.h(56,10): warning C4566: символ, представленный универсальным именем символа "\u00F7", невозможно представить в текущей кодовой странице (1251)
C:\Users\sosla\source\repos\Lab18\Lab18\Header.h(56,10): warning C4566: символ, представленный универсальным именем символа "\u00CF", невозможно представить в текущей кодовой странице (1251)
C:\Users\sosla\source\repos\Lab18\Lab18\Header.h(56,10): warning C4566: символ, представленный универсальным именем символа "\u00E0", невозможно представить в текущей кодовой странице (1251)
C:\Users\sosla\source\repos\Lab18\Lab18\Header.h(56,10): warning C4566: символ, представленный универсальным именем символа "\u00F1", невозможно представить в текущей кодовой странице (1251)
C:\Users\sosla\source\repos\Lab18\Lab18\Header.h(56,10): warning C4566: символ, представленный универсальным именем символа "\u00EF", невозможно представить в текущей кодовой странице (1251)
C:\Users\sosla\source\repos\Lab18\Lab18\Header.h(56,10): warning C4566: символ, представленный универсальным именем символа "\u00EE", невозможно представить в текущей кодовой странице (1251)
C:\Users\sosla\source\repos\Lab18\Lab18\Header.h(56,10): warning C4566: символ, представленный универсальным именем символа "\u00F0", невозможно представить в текущей кодовой странице (1251)
C:\Users\sosla\source\repos\Lab18\Lab18\Header.h(56,10): warning C4566: символ, представленный универсальным именем символа "\u00F2", невозможно представить в текущей кодовой странице (1251)
C:\Users\sosla\source\repos\Lab18\Lab18\Header.h(60,10): warning C4566: символ, представленный универсальным именем символа "\u00C2", невозможно представить в текущей кодовой странице (1251)
C:\Users\sosla\source\repos\Lab18\Lab18\Header.h(60,10): warning C4566: символ, представленный универсальным именем символа "\u00E2", невозможно представить в текущей кодовой странице (1251)
C:\Users\sosla\source\repos\Lab18\Lab18\Header.h(60,10): warning C4566: символ, представленный универсальным именем символа "\u00E5", невозможно представить в текущей кодовой странице (1251)
C:\Users\sosla\source\repos\Lab18\Lab18\Header.h(60,10): warning C4566: символ, представленный универсальным именем символа "\u00E4", невозможно представить в текущей кодовой странице (1251)
C:\Users\sosla\source\repos\Lab18\Lab18\Header.h(60,10): warning C4566: символ, представленный универсальным именем символа "\u00E8", невозможно представить в текущей кодовой странице (1251)
C:\Users\sosla\source\repos\Lab18\Lab18\Header.h(60,10): warning C4566: символ, представленный универсальным именем символа "\u00F2", невозможно представить в текущей кодовой странице (1251)
C:\Users\sosla\source\repos\Lab18\Lab18\Header.h(60,10): warning C4566: символ, представленный универсальным именем символа "\u00ED", невозможно представить в текущей кодовой странице (1251)
C:\Users\sosla\source\repos\Lab18\Lab18\Header.h(60,10): warning C4566: символ, представленный универсальным именем символа "\u00EE", невозможно представить в текущей кодовой странице (1251)
C:\Users\sosla\source\repos\Lab18\Lab18\Header.h(60,10): warning C4566: символ, представленный универсальным именем символа "\u00EC", невозможно представить в текущей кодовой странице (1251)
C:\Users\sosla\source\repos\Lab18\Lab18\Header.h(60,10): warning C4566: символ, представленный универсальным именем символа "\u00F0", невозможно представить в текущей кодовой странице (1251)
C:\Users\sosla\source\repos\Lab18\Lab18\Header.h(60,10): warning C4566: символ, представленный универсальным именем символа "\u00EF", невозможно представить в текущей кодовой странице (1251)
C:\Users\sosla\source\repos\Lab18\Lab18\Header.h(60,10): warning C4566: символ, представленный универсальным именем символа "\u00E0", невозможно представить в текущей кодовой странице (1251)
C:\Users\sosla\source\repos\Lab18\Lab18\Header.h(60,10): warning C4566: символ, представленный универсальным именем символа "\u00F1", невозможно представить в текущей кодовой странице (1251)
C:\Users\sosla\source\repos\Lab18\Lab18\Header.h(60,10): warning C4566: символ, представленный универсальным именем символа "\u00EA", невозможно представить в текущей кодовой странице (1251)
C:\Users\sosla\source\repos\Lab18\Lab18\Header.h(60,10): warning C4566: символ, представленный универсальным именем символа "\u00EB", невозможно представить в текущей кодовой странице (1251)
C:\Users\sosla\source\repos\Lab18\Lab18\Header.h(60,10): warning C4566: символ, представленный универсальным именем символа "\u00FE", невозможно представить в текущей кодовой странице (1251)
C:\Users\sosla\source\repos\Lab18\Lab18\Header.h(60,10): warning C4566: символ, представленный универсальным именем символа "\u00F7", невозможно представить в текущей кодовой странице (1251)
C:\Users\sosla\source\repos\Lab18\Lab18\Header.h(67,22): warning C4018: <: несоответствие типов со знаком и без знака
C:\Users\sosla\source\repos\Lab18\Lab18\Lab18.cpp(6,12): warning C4244: аргумент: преобразование "time_t" в "unsigned int", возможна потеря данных
  Lab18.vcxproj -> C:\Users\sosla\source\repos\Lab18\Debug\Lab18.exe
